<?xml version="1.0" encoding="UTF-8"?>
<blueprint xmlns="http://www.osgi.org/xmlns/blueprint/v1.0.0">

    <bean id="requestHandlersList" class="org.mockito.Mockito" factory-method="mock">
        <argument value="al.koop.fuse.api.dispatcher.RequestHandler" />
    </bean>

</blueprint>